<?xml version="1.0" encoding="UTF-8"?>
<testng-results skipped="0" failed="0" ignored="0" total="1" passed="1">
  <reporter-output>
  </reporter-output>
  <suite name="Default suite" duration-ms="26619" started-at="2018-12-11T17:15:59Z" finished-at="2018-12-11T17:16:26Z">
    <groups>
    </groups>
    <test name="Default test" duration-ms="26619" started-at="2018-12-11T17:15:59Z" finished-at="2018-12-11T17:16:26Z">
      <class name="WM.WMTest">
        <test-method status="PASS" signature="setUp()[pri:0, instance:WM.WMTest@6a4f787b]" name="setUp" is-config="true" duration-ms="7515" started-at="2018-12-11T17:15:59Z" finished-at="2018-12-11T17:16:07Z">
          <reporter-output>
          </reporter-output>
        </test-method> <!-- setUp -->
        <test-method status="PASS" signature="freeCRMTest()[pri:0, instance:WM.WMTest@6a4f787b]" name="freeCRMTest" duration-ms="17844" started-at="2018-12-11T17:16:07Z" finished-at="2018-12-11T17:16:25Z">
          <reporter-output>
          </reporter-output>
        </test-method> <!-- freeCRMTest -->
        <test-method status="PASS" signature="tearDown()[pri:0, instance:WM.WMTest@6a4f787b]" name="tearDown" is-config="true" duration-ms="1210" started-at="2018-12-11T17:16:25Z" finished-at="2018-12-11T17:16:26Z">
          <reporter-output>
          </reporter-output>
        </test-method> <!-- tearDown -->
      </class> <!-- WM.WMTest -->
    </test> <!-- Default test -->
  </suite> <!-- Default suite -->
</testng-results>
